<?xml version="1.0" encoding="UTF-8"?>
<testng-results skipped="0" failed="1" ignored="0" total="1" passed="0">
  <reporter-output>
  </reporter-output>
  <suite name="Default suite" duration-ms="7715" started-at="2020-12-25T21:51:02 IST" finished-at="2020-12-25T21:51:10 IST">
    <groups>
    </groups>
    <test name="Default test" duration-ms="7715" started-at="2020-12-25T21:51:02 IST" finished-at="2020-12-25T21:51:10 IST">
      <class name="In.Amazon.Common.AmazonLogin">
        <test-method status="FAIL" signature="Login()[pri:0, instance:In.Amazon.Common.AmazonLogin@49b0b76]" name="Login" duration-ms="7673" started-at="2020-12-25T21:51:02 IST" finished-at="2020-12-25T21:51:10 IST">
          <exception class="java.lang.NoSuchMethodError">
            <message>
              <![CDATA[com.google.common.base.Preconditions.checkArgument(ZLjava/lang/String;I)V]]>
            </message>
            <full-stacktrace>
              <![CDATA[java.lang.NoSuchMethodError: com.google.common.base.Preconditions.checkArgument(ZLjava/lang/String;I)V
at org.openqa.selenium.remote.service.DriverService$Builder.usingPort(DriverService.java:294)
at org.openqa.selenium.ie.InternetExplorerDriver.setupService(InternetExplorerDriver.java:242)
at org.openqa.selenium.ie.InternetExplorerDriver.<init>(InternetExplorerDriver.java:211)
at org.openqa.selenium.ie.InternetExplorerDriver.<init>(InternetExplorerDriver.java:150)
at In.Amazon.Common.AmazonLogin.Login(AmazonLogin.java:23)
at sun.reflect.NativeMethodAccessorImpl.invoke0(Native Method)
at sun.reflect.NativeMethodAccessorImpl.invoke(NativeMethodAccessorImpl.java:62)
at sun.reflect.DelegatingMethodAccessorImpl.invoke(DelegatingMethodAccessorImpl.java:43)
at java.lang.reflect.Method.invoke(Method.java:498)
at org.testng.internal.MethodInvocationHelper.invokeMethod(MethodInvocationHelper.java:132)
at org.testng.internal.TestInvoker.invokeMethod(TestInvoker.java:599)
at org.testng.internal.TestInvoker.invokeTestMethod(TestInvoker.java:174)
at org.testng.internal.MethodRunner.runInSequence(MethodRunner.java:46)
at org.testng.internal.TestInvoker$MethodInvocationAgent.invoke(TestInvoker.java:822)
at org.testng.internal.TestInvoker.invokeTestMethods(TestInvoker.java:147)
at org.testng.internal.TestMethodWorker.invokeTestMethods(TestMethodWorker.java:146)
at org.testng.internal.TestMethodWorker.run(TestMethodWorker.java:128)
at java.util.ArrayList.forEach(ArrayList.java:1257)
at org.testng.TestRunner.privateRun(TestRunner.java:764)
at org.testng.TestRunner.run(TestRunner.java:585)
at org.testng.SuiteRunner.runTest(SuiteRunner.java:384)
at org.testng.SuiteRunner.runSequentially(SuiteRunner.java:378)
at org.testng.SuiteRunner.privateRun(SuiteRunner.java:337)
at org.testng.SuiteRunner.run(SuiteRunner.java:286)
at org.testng.SuiteRunnerWorker.runSuite(SuiteRunnerWorker.java:53)
at org.testng.SuiteRunnerWorker.run(SuiteRunnerWorker.java:96)
at org.testng.TestNG.runSuitesSequentially(TestNG.java:1218)
at org.testng.TestNG.runSuitesLocally(TestNG.java:1140)
at org.testng.TestNG.runSuites(TestNG.java:1069)
at org.testng.TestNG.run(TestNG.java:1037)
at org.testng.remote.AbstractRemoteTestNG.run(AbstractRemoteTestNG.java:115)
at org.testng.remote.RemoteTestNG.initAndRun(RemoteTestNG.java:251)
at org.testng.remote.RemoteTestNG.main(RemoteTestNG.java:77)
]]>
            </full-stacktrace>
          </exception> <!-- java.lang.NoSuchMethodError -->
          <reporter-output>
          </reporter-output>
        </test-method> <!-- Login -->
      </class> <!-- In.Amazon.Common.AmazonLogin -->
    </test> <!-- Default test -->
  </suite> <!-- Default suite -->
</testng-results>
